오류: 기본 클래스 ..build.libs.AI-Hackathon-0.0.1-SNAPSHOT.jar을(를) 찾거나 로드할 수 없습니다.
원인: java.lang.ClassNotFoundException: //build/libs/AI-Hackathon-0/0/1-SNAPSHOT/jar
오류: 기본 클래스 org.springframework.boot.loader.JarLauncher을(를) 로드하는 중 LinkageError가 발생했습니다.
	java.lang.UnsupportedClassVersionError: org/springframework/boot/loader/JarLauncher has been compiled by a more recent version of the Java Runtime (class file version 61.0), this version of the Java Runtime only recognizes class file versions up to 55.0

  .   ____          _            __ _ _
 /\\ / ___'_ __ _ _(_)_ __  __ _ \ \ \ \
( ( )\___ | '_ | '_| | '_ \/ _` | \ \ \ \
 \\/  ___)| |_)| | | | | || (_| |  ) ) ) )
  '  |____| .__|_| |_|_| |_\__, | / / / /
 =========|_|==============|___/=/_/_/_/
 :: Spring Boot ::                (v3.1.3)

2023-08-27T02:41:51.951+09:00  INFO 42172 --- [           main] com.aihackathon.AiHackathonApplication   : Starting AiHackathonApplication v0.0.1-SNAPSHOT using Java 17.0.8.1 with PID 42172 (/Users/jhhhh/Downloads/AI-Hackathon/build/libs/AI-Hackathon-0.0.1-SNAPSHOT.jar started by jhhhh in /Users/jhhhh/Downloads/AI-Hackathon)
2023-08-27T02:41:51.952+09:00  INFO 42172 --- [           main] com.aihackathon.AiHackathonApplication   : The following 1 profile is active: "local"
2023-08-27T02:41:52.374+09:00  INFO 42172 --- [           main] o.s.b.w.embedded.tomcat.TomcatWebServer  : Tomcat initialized with port(s): 8080 (http)
2023-08-27T02:41:52.379+09:00  INFO 42172 --- [           main] o.apache.catalina.core.StandardService   : Starting service [Tomcat]
2023-08-27T02:41:52.379+09:00  INFO 42172 --- [           main] o.apache.catalina.core.StandardEngine    : Starting Servlet engine: [Apache Tomcat/10.1.12]
2023-08-27T02:41:52.425+09:00  INFO 42172 --- [           main] o.a.c.c.C.[Tomcat].[localhost].[/]       : Initializing Spring embedded WebApplicationContext
2023-08-27T02:41:52.426+09:00  INFO 42172 --- [           main] w.s.c.ServletWebServerApplicationContext : Root WebApplicationContext: initialization completed in 449 ms
2023-08-27T02:41:52.563+09:00  INFO 42172 --- [           main] o.s.b.w.embedded.tomcat.TomcatWebServer  : Tomcat started on port(s): 8080 (http) with context path ''
2023-08-27T02:41:52.573+09:00  INFO 42172 --- [           main] com.aihackathon.AiHackathonApplication   : Started AiHackathonApplication in 0.814 seconds (process running for 1.052)
2023-08-27T02:42:06.966+09:00  INFO 42172 --- [nio-8080-exec-1] o.a.c.c.C.[Tomcat].[localhost].[/]       : Initializing Spring DispatcherServlet 'dispatcherServlet'
2023-08-27T02:42:06.966+09:00  INFO 42172 --- [nio-8080-exec-1] o.s.web.servlet.DispatcherServlet        : Initializing Servlet 'dispatcherServlet'
2023-08-27T02:42:06.968+09:00  INFO 42172 --- [nio-8080-exec-1] o.s.web.servlet.DispatcherServlet        : Completed initialization in 2 ms
